[33m[01m[05m[ You are changing the branch: lab5-2-exam ][0m
Autotest: Begin at Thu Jun  9 15:32:16 CST 2022
[33m[01m[ Beginning exam test >>>>>>>>> ][0m
Begin build at Thu Jun  9 15:32:16 CST 2022
Cleanning the project.................

for d in boot drivers init lib mm user fs;	\
	do					\
		make --directory=$d clean; \
	done; \
rm -rf *.o *~ gxemul/vmlinux gxemul/fs.img
make[1]: Entering directory '/usr/src/workdir/boot'
rm -rf *~ *.o
make[1]: Leaving directory '/usr/src/workdir/boot'
make[1]: Entering directory '/usr/src/workdir/drivers'
for d in gxconsole; \
	do				\
		make --directory=$d clean; \
	done
make[2]: Entering directory '/usr/src/workdir/drivers/gxconsole'
rm -rf *.o *~
make[2]: Leaving directory '/usr/src/workdir/drivers/gxconsole'
make[1]: Leaving directory '/usr/src/workdir/drivers'
make[1]: Entering directory '/usr/src/workdir/init'
rm -rf *~ *.o
make[1]: Leaving directory '/usr/src/workdir/init'
make[1]: Entering directory '/usr/src/workdir/lib'
rm -rf *~ *.o
make[1]: Leaving directory '/usr/src/workdir/lib'
make[1]: Entering directory '/usr/src/workdir/mm'
rm -rf *~ *.o
make[1]: Leaving directory '/usr/src/workdir/mm'
make[1]: Entering directory '/usr/src/workdir/user'
rm -rf *~ *.o *.b.c *.x *.b
make[1]: Leaving directory '/usr/src/workdir/user'
make[1]: Entering directory '/usr/src/workdir/fs'
rm -rf *~ *.o *.b.c *.b *.x ./fsformat
make[1]: Leaving directory '/usr/src/workdir/fs'

Building the project..................

make --directory=boot
make[1]: Entering directory '/usr/src/workdir/boot'
/OSLAB/compiler/usr/bin/mips_4KC-gcc -O -G 0 -mno-abicalls -fno-builtin -Wa,-xgot -Wall -fPIC -march=r3000 -I../include/ -c start.S 
make[1]: Leaving directory '/usr/src/workdir/boot'
make --directory=drivers
make[1]: Entering directory '/usr/src/workdir/drivers'
make --directory=gxconsole
make[2]: Entering directory '/usr/src/workdir/drivers/gxconsole'
/OSLAB/compiler/usr/bin/mips_4KC-gcc -O -G 0 -mno-abicalls -fno-builtin -Wa,-xgot -Wall -fPIC -march=r3000   -c -o console.o console.c
make[2]: Leaving directory '/usr/src/workdir/drivers/gxconsole'
make[1]: Leaving directory '/usr/src/workdir/drivers'
make --directory=init
make[1]: Entering directory '/usr/src/workdir/init'
/OSLAB/compiler/usr/bin/mips_4KC-gcc -O -G 0 -mno-abicalls -fno-builtin -Wa,-xgot -Wall -fPIC -march=r3000 -I../include -c init.c
/OSLAB/compiler/usr/bin/mips_4KC-gcc -O -G 0 -mno-abicalls -fno-builtin -Wa,-xgot -Wall -fPIC -march=r3000 -I../include -c main.c
/OSLAB/compiler/usr/bin/mips_4KC-gcc -O -G 0 -mno-abicalls -fno-builtin -Wa,-xgot -Wall -fPIC -march=r3000 -I../include -c code.c
/OSLAB/compiler/usr/bin/mips_4KC-gcc -O -G 0 -mno-abicalls -fno-builtin -Wa,-xgot -Wall -fPIC -march=r3000 -I../include -c check_icode.c
make[1]: Leaving directory '/usr/src/workdir/init'
make --directory=lib
make[1]: Entering directory '/usr/src/workdir/lib'
/OSLAB/compiler/usr/bin/mips_4KC-gcc -O -G 0 -mno-abicalls -fno-builtin -Wa,-xgot -Wall -fPIC -march=r3000 -I./ -I../ -I../include/ -c kernel_elfloader.c
/OSLAB/compiler/usr/bin/mips_4KC-gcc -O -G 0 -mno-abicalls -fno-builtin -Wa,-xgot -Wall -fPIC -march=r3000 -I./ -I../ -I../include/ -c env.c
env.c: In function 'env_alloc':
env.c:224: warning: unused variable 'r'
env.c: In function 'load_icode_mapper':
env.c:284: warning: passing argument 2 of 'bcopy' makes pointer from integer without a cast
env.c:293: warning: passing argument 2 of 'bcopy' makes pointer from integer without a cast
env.c: In function 'load_icode_check':
env.c:588: warning: unused variable 'paddr'
/OSLAB/compiler/usr/bin/mips_4KC-gcc -O -G 0 -mno-abicalls -fno-builtin -Wa,-xgot -Wall -fPIC -march=r3000 -I./ -I../ -I../include/ -c print.c
/OSLAB/compiler/usr/bin/mips_4KC-gcc -O -G 0 -mno-abicalls -fno-builtin -Wa,-xgot -Wall -fPIC -march=r3000 -I./ -I../ -I../include/ -c printf.c
/OSLAB/compiler/usr/bin/mips_4KC-gcc -O -G 0 -mno-abicalls -fno-builtin -Wa,-xgot -Wall -fPIC -march=r3000 -I./ -I../ -I../include/ -c sched.c
/OSLAB/compiler/usr/bin/mips_4KC-gcc -O -G 0 -mno-abicalls -fno-builtin -Wa,-xgot -Wall -fPIC -march=r3000 -I./ -I../ -I../include/ -c env_asm.S
env_asm.S: Assembler messages:
env_asm.S:62: Warning: Used $at without ".set noat"
/OSLAB/compiler/usr/bin/mips_4KC-gcc -O -G 0 -mno-abicalls -fno-builtin -Wa,-xgot -Wall -fPIC -march=r3000 -I./ -I../ -I../include/ -c kclock.c
/OSLAB/compiler/usr/bin/mips_4KC-gcc -O -G 0 -mno-abicalls -fno-builtin -Wa,-xgot -Wall -fPIC -march=r3000 -I./ -I../ -I../include/ -c traps.c
/OSLAB/compiler/usr/bin/mips_4KC-gcc -O -G 0 -mno-abicalls -fno-builtin -Wa,-xgot -Wall -fPIC -march=r3000 -I./ -I../ -I../include/ -c genex.S
/OSLAB/compiler/usr/bin/mips_4KC-gcc -O -G 0 -mno-abicalls -fno-builtin -Wa,-xgot -Wall -fPIC -march=r3000 -I./ -I../ -I../include/ -c kclock_asm.S
/OSLAB/compiler/usr/bin/mips_4KC-gcc -O -G 0 -mno-abicalls -fno-builtin -Wa,-xgot -Wall -fPIC -march=r3000 -I./ -I../ -I../include/ -c syscall.S
syscall.S: Assembler messages:
syscall.S:9: Warning: Used $at without ".set noat"
/OSLAB/compiler/usr/bin/mips_4KC-gcc -O -G 0 -mno-abicalls -fno-builtin -Wa,-xgot -Wall -fPIC -march=r3000 -I./ -I../ -I../include/ -c syscall_all.c
syscall_all.c: In function 'sys_putchar':
syscall_all.c:19: warning: implicit declaration of function 'printcharc'
syscall_all.c: In function 'sys_ipc_can_send':
syscall_all.c:388: warning: unused variable 'p'
syscall_all.c: In function 'sys_write_dev':
syscall_all.c:437: warning: passing argument 1 of 'bcopy' makes pointer from integer without a cast
syscall_all.c:437: warning: passing argument 2 of 'bcopy' makes pointer from integer without a cast
syscall_all.c: In function 'sys_read_dev':
syscall_all.c:467: warning: passing argument 1 of 'bcopy' makes pointer from integer without a cast
syscall_all.c:467: warning: passing argument 2 of 'bcopy' makes pointer from integer without a cast
/OSLAB/compiler/usr/bin/mips_4KC-gcc -O -G 0 -mno-abicalls -fno-builtin -Wa,-xgot -Wall -fPIC -march=r3000 -I./ -I../ -I../include/ -c getc.S
make[1]: Leaving directory '/usr/src/workdir/lib'
make --directory=mm
make[1]: Entering directory '/usr/src/workdir/mm'
/OSLAB/compiler/usr/bin/mips_4KC-gcc -O -G 0 -mno-abicalls -fno-builtin -Wa,-xgot -Wall -fPIC -march=r3000 -I./ -I../ -I../include/ -c pmap.c
pmap.c: In function 'boot_pgdir_walk':
pmap.c:94: warning: assignment makes pointer from integer without a cast
pmap.c:93: warning: unused variable 'pgtable_entry'
pmap.c: In function 'boot_map_segment':
pmap.c:130: warning: unused variable 'va_temp'
pmap.c: In function 'page_alloc':
pmap.c:243: warning: passing argument 1 of 'bzero' makes pointer from integer without a cast
pmap.c: In function 'pgdir_walk':
pmap.c:289: warning: unused variable 'pgtable'
/OSLAB/compiler/usr/bin/mips_4KC-gcc -O -G 0 -mno-abicalls -fno-builtin -Wa,-xgot -Wall -fPIC -march=r3000 -I./ -I../ -I../include/ -c tlb_asm.S
make[1]: Leaving directory '/usr/src/workdir/mm'
make --directory=user
make[1]: Entering directory '/usr/src/workdir/user'
echo as entry.S
as entry.S
/OSLAB/compiler/usr/bin/mips_4KC-gcc -O -G 0 -mno-abicalls -fno-builtin -Wa,-xgot -Wall -fPIC -march=r3000 -I../include/ -c -o entry.o entry.S
entry.S: Assembler messages:
entry.S:104: Warning: Used $at without ".set noat"
echo as syscall_wrap.S
as syscall_wrap.S
/OSLAB/compiler/usr/bin/mips_4KC-gcc -O -G 0 -mno-abicalls -fno-builtin -Wa,-xgot -Wall -fPIC -march=r3000 -I../include/ -c -o syscall_wrap.o syscall_wrap.S
echo user1 cc printf.c
user1 cc printf.c
/OSLAB/compiler/usr/bin/mips_4KC-gcc -O -G 0 -mno-abicalls -fno-builtin -Wa,-xgot -Wall -fPIC -march=r3000 -I../include/ -c -o printf.o printf.c
In file included from fd.h:5,
                 from lib.h:3,
                 from printf.c:3:
../include/fs.h:29: warning: 'struct File' declared inside parameter list
../include/fs.h:29: warning: its scope is only this definition or declaration, which is probably not what you want
In file included from printf.c:3:
lib.h:80: error: conflicting types for 'file_create'
../include/fs.h:29: error: previous declaration of 'file_create' was here
make[1]: *** [Makefile:46: printf.o] Error 1
make[1]: Leaving directory '/usr/src/workdir/user'
make: *** [Makefile:37: user] Error 2
Compile Error!
[31m[01m[ There is something wrong with you vmlinux. ][0m
[33m[01m[ You got 0 (of 100) this time. Thu Jun  9 15:32:22 CST 2022 ][0m
Autotest: End at Thu Jun  9 15:32:22 CST 2022
